d:\datas\computer\git\learnopengl\project\learnopengl_ hellotriangle\x64\debug\vc143.pdb
d:\datas\computer\git\learnopengl\project\learnopengl_ hellotriangle\x64\debug\vc143.idb
d:\datas\computer\git\learnopengl\project\learnopengl_ hellotriangle\x64\debug\glad.obj
d:\datas\computer\git\learnopengl\project\learnopengl_ hellotriangle\x64\debug\hellotriangle.obj
d:\datas\computer\git\learnopengl\project\x64\debug\start_2.0_hellotriangle.exe
d:\datas\computer\git\learnopengl\project\x64\debug\start_2.0_hellotriangle.pdb
d:\datas\computer\git\learnopengl\project\learnopengl_ hellotriangle\x64\debug\start_2.0_hellotriangle.ilk
d:\datas\computer\git\learnopengl\project\start_2.0_hellotriangle\x64\debug\glad.obj
d:\datas\computer\git\learnopengl\project\start_2.0_hellotriangle\x64\debug\hellotriangle.obj
d:\datas\computer\git\learnopengl\project\start_2.0_hellotriangle\x64\debug\start_2.0_hellotriangle.ilk
d:\datas\computer\git\learnopengl\project\start_2.0_hellotriangle\x64\debug\vc143.idb
d:\datas\computer\git\learnopengl\project\start_2.0_hellotriangle\x64\debug\vc143.pdb
d:\datas\computer\git\learnopengl\project\start_2.0_hellotriangle\x64\debug\start_2..ae8c6bc9.tlog\cl.command.1.tlog
d:\datas\computer\git\learnopengl\project\start_2.0_hellotriangle\x64\debug\start_2..ae8c6bc9.tlog\cl.items.tlog
d:\datas\computer\git\learnopengl\project\start_2.0_hellotriangle\x64\debug\start_2..ae8c6bc9.tlog\cl.read.1.tlog
d:\datas\computer\git\learnopengl\project\start_2.0_hellotriangle\x64\debug\start_2..ae8c6bc9.tlog\cl.write.1.tlog
d:\datas\computer\git\learnopengl\project\start_2.0_hellotriangle\x64\debug\start_2..ae8c6bc9.tlog\link.command.1.tlog
d:\datas\computer\git\learnopengl\project\start_2.0_hellotriangle\x64\debug\start_2..ae8c6bc9.tlog\link.read.1.tlog
d:\datas\computer\git\learnopengl\project\start_2.0_hellotriangle\x64\debug\start_2..ae8c6bc9.tlog\link.secondary.1.tlog
d:\datas\computer\git\learnopengl\project\start_2.0_hellotriangle\x64\debug\start_2..ae8c6bc9.tlog\link.write.1.tlog
